0 info it worked if it ends with ok
1 verbose cli [ '/Users/liumaumasi/.nvm/versions/node/v6.7.0/bin/node',
1 verbose cli   '/Users/liumaumasi/.nvm/versions/node/v6.7.0/bin/npm',
1 verbose cli   'run',
1 verbose cli   'test' ]
2 info using npm@3.10.3
3 info using node@v6.7.0
4 verbose run-script [ 'pretest', 'test', 'posttest' ]
5 info lifecycle todo_node@0.0.1~pretest: todo_node@0.0.1
6 silly lifecycle todo_node@0.0.1~pretest: no script for pretest, continuing
7 info lifecycle todo_node@0.0.1~test: todo_node@0.0.1
8 verbose lifecycle todo_node@0.0.1~test: unsafe-perm in lifecycle true
9 verbose lifecycle todo_node@0.0.1~test: PATH: /Users/liumaumasi/.nvm/versions/node/v6.7.0/lib/node_modules/npm/bin/node-gyp-bin:/Users/liumaumasi/Desktop/todo_node/node_modules/.bin:/Users/liumaumasi/.nvm/versions/node/v6.7.0/bin:/Users/liumaumasi/.rvm/gems/ruby-2.1.2/bin:/Users/liumaumasi/.rvm/gems/ruby-2.1.2@global/bin:/Users/liumaumasi/.rvm/rubies/ruby-2.1.2/bin:/Users/liumaumasi/.nvm/versions/node/v6.7.0/bin:/usr/local/bin:/usr/bin:/bin:/usr/sbin:/sbin:/opt/X11/bin:/usr/local/git/bin:/usr/local/go/bin:/Users/liumaumasi/.rvm/bin
10 verbose lifecycle todo_node@0.0.1~test: CWD: /Users/liumaumasi/Desktop/todo_node
11 silly lifecycle todo_node@0.0.1~test: Args: [ '-c', 'NODE_ENV=\'test\' nodemon --exec \'mocha\'' ]
12 silly lifecycle todo_node@0.0.1~test: Returned: code: 1  signal: null
13 info lifecycle todo_node@0.0.1~test: Failed to exec test script
14 verbose stack Error: todo_node@0.0.1 test: `NODE_ENV='test' nodemon --exec 'mocha'`
14 verbose stack Exit status 1
14 verbose stack     at EventEmitter.<anonymous> (/Users/liumaumasi/.nvm/versions/node/v6.7.0/lib/node_modules/npm/lib/utils/lifecycle.js:242:16)
14 verbose stack     at emitTwo (events.js:106:13)
14 verbose stack     at EventEmitter.emit (events.js:191:7)
14 verbose stack     at ChildProcess.<anonymous> (/Users/liumaumasi/.nvm/versions/node/v6.7.0/lib/node_modules/npm/lib/utils/spawn.js:40:14)
14 verbose stack     at emitTwo (events.js:106:13)
14 verbose stack     at ChildProcess.emit (events.js:191:7)
14 verbose stack     at maybeClose (internal/child_process.js:877:16)
14 verbose stack     at Process.ChildProcess._handle.onexit (internal/child_process.js:226:5)
15 verbose pkgid todo_node@0.0.1
16 verbose cwd /Users/liumaumasi/Desktop/todo_node
17 error Darwin 15.6.0
18 error argv "/Users/liumaumasi/.nvm/versions/node/v6.7.0/bin/node" "/Users/liumaumasi/.nvm/versions/node/v6.7.0/bin/npm" "run" "test"
19 error node v6.7.0
20 error npm  v3.10.3
21 error code ELIFECYCLE
22 error todo_node@0.0.1 test: `NODE_ENV='test' nodemon --exec 'mocha'`
22 error Exit status 1
23 error Failed at the todo_node@0.0.1 test script 'NODE_ENV='test' nodemon --exec 'mocha''.
23 error Make sure you have the latest version of node.js and npm installed.
23 error If you do, this is most likely a problem with the todo_node package,
23 error not with npm itself.
23 error Tell the author that this fails on your system:
23 error     NODE_ENV='test' nodemon --exec 'mocha'
23 error You can get information on how to open an issue for this project with:
23 error     npm bugs todo_node
23 error Or if that isn't available, you can get their info via:
23 error     npm owner ls todo_node
23 error There is likely additional logging output above.
24 verbose exit [ 1, true ]
